<?xml version="1.0" encoding="UTF-8"?>
<testsuite name="org.zerock.ex1.Ex1ApplicationTests" tests="1" skipped="0" failures="0" errors="0" timestamp="2022-03-06T10:16:08" hostname="DESKTOP-Q12P12S" time="0.663">
  <properties/>
  <testcase name="contextLoads()" classname="org.zerock.ex1.Ex1ApplicationTests" time="0.663"/>
  <system-out><![CDATA[19:16:04.033 [Test worker] DEBUG org.springframework.test.context.BootstrapUtils - Instantiating CacheAwareContextLoaderDelegate from class [org.springframework.test.context.cache.DefaultCacheAwareContextLoaderDelegate]
19:16:04.069 [Test worker] DEBUG org.springframework.test.context.BootstrapUtils - Instantiating BootstrapContext using constructor [public org.springframework.test.context.support.DefaultBootstrapContext(java.lang.Class,org.springframework.test.context.CacheAwareContextLoaderDelegate)]
19:16:04.157 [Test worker] DEBUG org.springframework.test.context.BootstrapUtils - Instantiating TestContextBootstrapper for test class [org.zerock.ex1.Ex1ApplicationTests] from class [org.springframework.boot.test.context.SpringBootTestContextBootstrapper]
19:16:04.187 [Test worker] INFO org.springframework.boot.test.context.SpringBootTestContextBootstrapper - Neither @ContextConfiguration nor @ContextHierarchy found for test class [org.zerock.ex1.Ex1ApplicationTests], using SpringBootContextLoader
19:16:04.195 [Test worker] DEBUG org.springframework.test.context.support.AbstractContextLoader - Did not detect default resource location for test class [org.zerock.ex1.Ex1ApplicationTests]: class path resource [org/zerock/ex1/Ex1ApplicationTests-context.xml] does not exist
19:16:04.196 [Test worker] DEBUG org.springframework.test.context.support.AbstractContextLoader - Did not detect default resource location for test class [org.zerock.ex1.Ex1ApplicationTests]: class path resource [org/zerock/ex1/Ex1ApplicationTestsContext.groovy] does not exist
19:16:04.197 [Test worker] INFO org.springframework.test.context.support.AbstractContextLoader - Could not detect default resource locations for test class [org.zerock.ex1.Ex1ApplicationTests]: no resource found for suffixes {-context.xml, Context.groovy}.
19:16:04.198 [Test worker] INFO org.springframework.test.context.support.AnnotationConfigContextLoaderUtils - Could not detect default configuration classes for test class [org.zerock.ex1.Ex1ApplicationTests]: Ex1ApplicationTests does not declare any static, non-private, non-final, nested classes annotated with @Configuration.
19:16:04.297 [Test worker] DEBUG org.springframework.test.context.support.ActiveProfilesUtils - Could not find an 'annotation declaring class' for annotation type [org.springframework.test.context.ActiveProfiles] and class [org.zerock.ex1.Ex1ApplicationTests]
19:16:04.452 [Test worker] DEBUG org.springframework.context.annotation.ClassPathScanningCandidateComponentProvider - Identified candidate component class: file [C:\Users\Kang HyeonSu\Desktop\WorkSpace\Spring\ex1\build\classes\java\main\org\zerock\ex1\Ex1Application.class]
19:16:04.456 [Test worker] INFO org.springframework.boot.test.context.SpringBootTestContextBootstrapper - Found @SpringBootConfiguration org.zerock.ex1.Ex1Application for test class org.zerock.ex1.Ex1ApplicationTests
19:16:04.687 [Test worker] DEBUG org.springframework.boot.test.context.SpringBootTestContextBootstrapper - @TestExecutionListeners is not present for class [org.zerock.ex1.Ex1ApplicationTests]: using defaults.
19:16:04.688 [Test worker] INFO org.springframework.boot.test.context.SpringBootTestContextBootstrapper - Loaded default TestExecutionListener class names from location [META-INF/spring.factories]: [org.springframework.boot.test.autoconfigure.restdocs.RestDocsTestExecutionListener, org.springframework.boot.test.autoconfigure.web.client.MockRestServiceServerResetTestExecutionListener, org.springframework.boot.test.autoconfigure.web.servlet.MockMvcPrintOnlyOnFailureTestExecutionListener, org.springframework.boot.test.autoconfigure.web.servlet.WebDriverTestExecutionListener, org.springframework.boot.test.autoconfigure.webservices.client.MockWebServiceServerTestExecutionListener, org.springframework.boot.test.mock.mockito.MockitoTestExecutionListener, org.springframework.boot.test.mock.mockito.ResetMocksTestExecutionListener, org.springframework.test.context.web.ServletTestExecutionListener, org.springframework.test.context.support.DirtiesContextBeforeModesTestExecutionListener, org.springframework.test.context.event.ApplicationEventsTestExecutionListener, org.springframework.test.context.support.DependencyInjectionTestExecutionListener, org.springframework.test.context.support.DirtiesContextTestExecutionListener, org.springframework.test.context.transaction.TransactionalTestExecutionListener, org.springframework.test.context.jdbc.SqlScriptsTestExecutionListener, org.springframework.test.context.event.EventPublishingTestExecutionListener]
19:16:04.720 [Test worker] DEBUG org.springframework.boot.test.context.SpringBootTestContextBootstrapper - Skipping candidate TestExecutionListener [org.springframework.test.context.transaction.TransactionalTestExecutionListener] due to a missing dependency. Specify custom listener classes or make the default listener classes and their required dependencies available. Offending class: [org/springframework/transaction/interceptor/TransactionAttributeSource]
19:16:04.724 [Test worker] DEBUG org.springframework.boot.test.context.SpringBootTestContextBootstrapper - Skipping candidate TestExecutionListener [org.springframework.test.context.jdbc.SqlScriptsTestExecutionListener] due to a missing dependency. Specify custom listener classes or make the default listener classes and their required dependencies available. Offending class: [org/springframework/transaction/interceptor/TransactionAttribute]
19:16:04.726 [Test worker] INFO org.springframework.boot.test.context.SpringBootTestContextBootstrapper - Using TestExecutionListeners: [org.springframework.test.context.web.ServletTestExecutionListener@37d80fe7, org.springframework.test.context.support.DirtiesContextBeforeModesTestExecutionListener@384fc774, org.springframework.test.context.event.ApplicationEventsTestExecutionListener@e3cee7b, org.springframework.boot.test.mock.mockito.MockitoTestExecutionListener@71e9a896, org.springframework.boot.test.autoconfigure.SpringBootDependencyInjectionTestExecutionListener@6b9267b, org.springframework.test.context.support.DirtiesContextTestExecutionListener@408b35bf, org.springframework.test.context.event.EventPublishingTestExecutionListener@29ad44e3, org.springframework.boot.test.autoconfigure.restdocs.RestDocsTestExecutionListener@15bcf458, org.springframework.boot.test.autoconfigure.web.client.MockRestServiceServerResetTestExecutionListener@5af9926a, org.springframework.boot.test.autoconfigure.web.servlet.MockMvcPrintOnlyOnFailureTestExecutionListener@43c67247, org.springframework.boot.test.autoconfigure.web.servlet.WebDriverTestExecutionListener@fac80, org.springframework.boot.test.autoconfigure.webservices.client.MockWebServiceServerTestExecutionListener@726386ed, org.springframework.boot.test.mock.mockito.ResetMocksTestExecutionListener@649f2009]
19:16:04.741 [Test worker] DEBUG org.springframework.test.context.support.AbstractDirtiesContextTestExecutionListener - Before test class: context [DefaultTestContext@1c25b8a7 testClass = Ex1ApplicationTests, testInstance = [null], testMethod = [null], testException = [null], mergedContextConfiguration = [WebMergedContextConfiguration@200606de testClass = Ex1ApplicationTests, locations = '{}', classes = '{class org.zerock.ex1.Ex1Application}', contextInitializerClasses = '[]', activeProfiles = '{}', propertySourceLocations = '{}', propertySourceProperties = '{org.springframework.boot.test.context.SpringBootTestContextBootstrapper=true}', contextCustomizers = set[org.springframework.boot.test.autoconfigure.actuate.metrics.MetricsExportContextCustomizerFactory$DisableMetricExportContextCustomizer@13f17eb4, org.springframework.boot.test.autoconfigure.properties.PropertyMappingContextCustomizer@0, org.springframework.boot.test.autoconfigure.web.servlet.WebDriverContextCustomizerFactory$Customizer@698122b2, org.springframework.boot.test.context.filter.ExcludeFilterContextCustomizer@c1bd0be, org.springframework.boot.test.json.DuplicateJsonObjectContextCustomizerFactory$DuplicateJsonObjectContextCustomizer@655f7ea, org.springframework.boot.test.mock.mockito.MockitoContextCustomizer@0, org.springframework.boot.test.web.client.TestRestTemplateContextCustomizer@5e81e5ac, org.springframework.boot.test.context.SpringBootTestArgs@1, org.springframework.boot.test.context.SpringBootTestWebEnvironment@4a07d605], resourceBasePath = 'src/main/webapp', contextLoader = 'org.springframework.boot.test.context.SpringBootContextLoader', parent = [null]], attributes = map['org.springframework.test.context.web.ServletTestExecutionListener.activateListener' -> true]], class annotated with @DirtiesContext [false] with mode [null].

  .   ____          _            __ _ _
 /\\ / ___'_ __ _ _(_)_ __  __ _ \ \ \ \
( ( )\___ | '_ | '_| | '_ \/ _` | \ \ \ \
 \\/  ___)| |_)| | | | | || (_| |  ) ) ) )
  '  |____| .__|_| |_|_| |_\__, | / / / /
 =========|_|==============|___/=/_/_/_/
 :: Spring Boot ::                (v2.6.4)

2022-03-06 19:16:05.391  INFO 27092 --- [    Test worker] org.zerock.ex1.Ex1ApplicationTests       : Starting Ex1ApplicationTests using Java 11.0.12 on DESKTOP-Q12P12S with PID 27092 (started by Kang HyeonSu in C:\Users\Kang HyeonSu\Desktop\WorkSpace\Spring\ex1)
2022-03-06 19:16:05.393  INFO 27092 --- [    Test worker] org.zerock.ex1.Ex1ApplicationTests       : No active profile set, falling back to 1 default profile: "default"
2022-03-06 19:16:08.226  INFO 27092 --- [    Test worker] org.zerock.ex1.Ex1ApplicationTests       : Started Ex1ApplicationTests in 3.394 seconds (JVM running for 9.642)
contentLoads...
]]></system-out>
  <system-err><![CDATA[]]></system-err>
</testsuite>
